e:\project\c++\doozgame\doozgame\release\vc140.pdb
e:\project\c++\doozgame\doozgame\release\.netframework,version=v4.0.assemblyattributes.obj
e:\project\c++\doozgame\doozgame\release\.netframework,version=v4.0.assemblyattributes.asm
e:\project\c++\doozgame\doozgame\release\frmmainmenu.obj
e:\project\c++\doozgame\doozgame\release\frmgamepad.obj
e:\project\c++\doozgame\doozgame\release\frmabout.obj
e:\project\c++\doozgame\doozgame\release\doozgame.frmabout.resources
e:\project\c++\doozgame\doozgame\release\doozgame.frmgamepad.resources
e:\project\c++\doozgame\doozgame\release\doozgame.frmmainmenu.resources
e:\project\c++\doozgame\release\doozgame.exe
e:\project\c++\doozgame\release\doozgame.pdb
e:\project\c++\doozgame\doozgame\release\doozgame.vcxproj.generateresource.cache
e:\project\c++\doozgame\doozgame\release\doozgame.vcxprojresolveassemblyreference.cache
e:\project\c++\doozgame\doozgame\release\doozgame.tlog\cl.command.1.tlog
e:\project\c++\doozgame\doozgame\release\doozgame.tlog\cl.read.1.tlog
e:\project\c++\doozgame\doozgame\release\doozgame.tlog\cl.write.1.tlog
e:\project\c++\doozgame\doozgame\release\doozgame.tlog\doozgame.write.1u.tlog
e:\project\c++\doozgame\doozgame\release\doozgame.tlog\link.command.1.tlog
e:\project\c++\doozgame\doozgame\release\doozgame.tlog\link.read.1.tlog
e:\project\c++\doozgame\doozgame\release\doozgame.tlog\link.write.1.tlog
e:\project\c++\doozgame\doozgame\release\doozgame.tlog\metagen.read.1.tlog
e:\project\c++\doozgame\doozgame\release\doozgame.tlog\metagen.write.1.tlog
e:\project\c++\doozgame\doozgame\release\doozgame.tlog\tzres.dll.bi
